Flow report for EX_203
Sat Sep 24 11:49:44 2022
Quartus II Version 11.0 Build 157 04/27/2011 SJ Full Version


---------------------
; Table of Contents ;
---------------------
  1. Legal Notice
  2. Flow Summary
  3. Flow Settings
  4. Flow Non-Default Global Settings
  5. Flow Elapsed Time
  6. Flow OS Summary
  7. Flow Log



----------------
; Legal Notice ;
----------------
Copyright (C) 1991-2011 Altera Corporation
Your use of Altera Corporation's design tools, logic functions 
and other software and tools, and its AMPP partner logic 
functions, and any output files from any of the foregoing 
(including device programming or simulation files), and any 
associated documentation or information are expressly subject 
to the terms and conditions of the Altera Program License 
Subscription Agreement, Altera MegaCore Function License 
Agreement, or other applicable license agreement, including, 
without limitation, that your use is for the sole purpose of 
programming logic devices manufactured by Altera and sold by 
Altera or its authorized distributors.  Please refer to the 
applicable agreement for further details.



+--------------------------------------------------------------------------------+
; Flow Summary                                                                   ;
+------------------------------------+-------------------------------------------+
; Flow Status                        ; Successful - Sat Sep 24 11:49:44 2022     ;
; Quartus II Version                 ; 11.0 Build 157 04/27/2011 SJ Full Version ;
; Revision Name                      ; EX_203                                    ;
; Top-level Entity Name              ; EX_203                                    ;
; Family                             ; Cyclone II                                ;
; Device                             ; EP2C8Q208C8                               ;
; Timing Models                      ; Final                                     ;
; Total logic elements               ; 23 / 8,256 ( < 1 % )                      ;
;     Total combinational functions  ; 23 / 8,256 ( < 1 % )                      ;
;     Dedicated logic registers      ; 0 / 8,256 ( 0 % )                         ;
; Total registers                    ; 0                                         ;
; Total pins                         ; 33 / 138 ( 24 % )                         ;
; Total virtual pins                 ; 0                                         ;
; Total memory bits                  ; 0 / 165,888 ( 0 % )                       ;
; Embedded Multiplier 9-bit elements ; 0 / 36 ( 0 % )                            ;
; Total PLLs                         ; 0 / 2 ( 0 % )                             ;
+------------------------------------+-------------------------------------------+


+-----------------------------------------+
; Flow Settings                           ;
+-------------------+---------------------+
; Option            ; Setting             ;
+-------------------+---------------------+
; Start date & time ; 09/24/2022 11:49:40 ;
; Main task         ; Compilation         ;
; Revision Name     ; EX_203              ;
+-------------------+---------------------+


+-----------------------------------------------------------------------------------------------------------------+
; Flow Non-Default Global Settings                                                                                ;
+-------------------------------------+--------------------------------+---------------+-------------+------------+
; Assignment Name                     ; Value                          ; Default Value ; Entity Name ; Section Id ;
+-------------------------------------+--------------------------------+---------------+-------------+------------+
; COMPILER_SIGNATURE_ID               ; 49410878707849.166399138006980 ; --            ; --          ; --         ;
; MAX_CORE_JUNCTION_TEMP              ; 85                             ; --            ; --          ; --         ;
; MIN_CORE_JUNCTION_TEMP              ; 0                              ; --            ; --          ; --         ;
; PARTITION_COLOR                     ; 16764057                       ; --            ; --          ; Top        ;
; PARTITION_FITTER_PRESERVATION_LEVEL ; PLACEMENT_AND_ROUTING          ; --            ; --          ; Top        ;
; PARTITION_NETLIST_TYPE              ; SOURCE                         ; --            ; --          ; Top        ;
+-------------------------------------+--------------------------------+---------------+-------------+------------+


+-------------------------------------------------------------------------------------------------------------------------------+
; Flow Elapsed Time                                                                                                             ;
+---------------------------+--------------+-------------------------+---------------------+------------------------------------+
; Module Name               ; Elapsed Time ; Average Processors Used ; Peak Virtual Memory ; Total CPU Time (on all processors) ;
+---------------------------+--------------+-------------------------+---------------------+------------------------------------+
; Analysis & Synthesis      ; 00:00:00     ; 1.0                     ; 280 MB              ; 00:00:00                           ;
; Fitter                    ; 00:00:01     ; 1.0                     ; 380 MB              ; 00:00:01                           ;
; Assembler                 ; 00:00:01     ; 1.0                     ; 273 MB              ; 00:00:01                           ;
; TimeQuest Timing Analyzer ; 00:00:01     ; 1.0                     ; 277 MB              ; 00:00:01                           ;
; Total                     ; 00:00:03     ; --                      ; --                  ; 00:00:03                           ;
+---------------------------+--------------+-------------------------+---------------------+------------------------------------+


+----------------------------------------------------------------------------------------+
; Flow OS Summary                                                                        ;
+---------------------------+------------------+-----------+------------+----------------+
; Module Name               ; Machine Hostname ; OS Name   ; OS Version ; Processor type ;
+---------------------------+------------------+-----------+------------+----------------+
; Analysis & Synthesis      ; 3D26             ; Windows 7 ; 6.2        ; x86_64         ;
; Fitter                    ; 3D26             ; Windows 7 ; 6.2        ; x86_64         ;
; Assembler                 ; 3D26             ; Windows 7 ; 6.2        ; x86_64         ;
; TimeQuest Timing Analyzer ; 3D26             ; Windows 7 ; 6.2        ; x86_64         ;
+---------------------------+------------------+-----------+------------+----------------+


------------
; Flow Log ;
------------
quartus_map --read_settings_files=on --write_settings_files=off EX_203 -c EX_203
quartus_fit --read_settings_files=off --write_settings_files=off EX_203 -c EX_203
quartus_asm --read_settings_files=off --write_settings_files=off EX_203 -c EX_203
quartus_sta EX_203 -c EX_203



